<?xml version="1.0" encoding="UTF-8"?>
<testsuite name="SILab2Test" tests="2" skipped="0" failures="0" errors="0" timestamp="2023-05-27T09:53:29" hostname="PC-NR" time="0.056">
  <properties/>
  <testcase name="functionEveryBranch()" classname="SILab2Test" time="0.048"/>
  <testcase name="functionMultipleCondition()" classname="SILab2Test" time="0.003"/>
  <system-out><![CDATA[]]></system-out>
  <system-err><![CDATA[]]></system-err>
</testsuite>
